mode: set
github.com/VadimBoganov/testtask/configs/config.go:35.36,39.44 4 1
github.com/VadimBoganov/testtask/configs/config.go:43.2,43.28 1 1
github.com/VadimBoganov/testtask/configs/config.go:39.44,41.3 1 0
github.com/VadimBoganov/testtask/configs/config.go:46.41,50.60 3 1
github.com/VadimBoganov/testtask/configs/config.go:55.2,55.60 1 1
github.com/VadimBoganov/testtask/configs/config.go:60.2,62.24 2 1
github.com/VadimBoganov/testtask/configs/config.go:75.2,78.23 3 1
github.com/VadimBoganov/testtask/configs/config.go:82.2,82.20 1 1
github.com/VadimBoganov/testtask/configs/config.go:50.60,53.3 2 1
github.com/VadimBoganov/testtask/configs/config.go:55.60,58.3 2 1
github.com/VadimBoganov/testtask/configs/config.go:62.24,63.38 1 0
github.com/VadimBoganov/testtask/configs/config.go:67.3,70.29 4 0
github.com/VadimBoganov/testtask/configs/config.go:63.38,66.4 2 0
github.com/VadimBoganov/testtask/configs/config.go:71.8,73.3 1 1
github.com/VadimBoganov/testtask/configs/config.go:78.23,80.3 1 0
github.com/VadimBoganov/testtask/configs/config.go:85.58,89.2 3 1
github.com/VadimBoganov/testtask/internal/services/product.go:20.64,24.2 1 1
github.com/VadimBoganov/testtask/internal/services/product.go:27.84,31.15 3 1
github.com/VadimBoganov/testtask/internal/services/product.go:35.2,38.12 3 1
github.com/VadimBoganov/testtask/internal/services/product.go:31.15,33.3 1 0
github.com/VadimBoganov/testtask/internal/services/product.go:41.138,43.2 1 0
github.com/VadimBoganov/testtask/internal/services/product.go:45.46,47.15 2 1
github.com/VadimBoganov/testtask/internal/services/product.go:50.2,53.15 3 1
github.com/VadimBoganov/testtask/internal/services/product.go:56.2,59.13 3 1
github.com/VadimBoganov/testtask/internal/services/product.go:47.15,49.3 1 0
github.com/VadimBoganov/testtask/internal/services/product.go:53.15,55.3 1 0
github.com/VadimBoganov/testtask/internal/services/product.go:62.53,64.15 2 1
github.com/VadimBoganov/testtask/internal/services/product.go:67.2,72.6 4 1
github.com/VadimBoganov/testtask/internal/services/product.go:64.15,66.3 1 0
github.com/VadimBoganov/testtask/internal/services/product.go:72.6,74.16 2 1
github.com/VadimBoganov/testtask/internal/services/product.go:81.3,82.16 2 1
github.com/VadimBoganov/testtask/internal/services/product.go:86.3,91.39 2 1
github.com/VadimBoganov/testtask/internal/services/product.go:74.16,75.20 1 1
github.com/VadimBoganov/testtask/internal/services/product.go:78.4,78.24 1 1
github.com/VadimBoganov/testtask/internal/services/product.go:75.20,77.5 1 1
github.com/VadimBoganov/testtask/internal/services/product.go:82.16,84.4 1 0
github.com/VadimBoganov/testtask/internal/services/product.go:95.66,99.28 3 1
github.com/VadimBoganov/testtask/internal/services/product.go:119.2,120.32 2 1
github.com/VadimBoganov/testtask/internal/services/product.go:124.2,124.15 1 1
github.com/VadimBoganov/testtask/internal/services/product.go:99.28,101.53 2 1
github.com/VadimBoganov/testtask/internal/services/product.go:116.3,116.10 1 1
github.com/VadimBoganov/testtask/internal/services/product.go:101.53,102.49 1 1
github.com/VadimBoganov/testtask/internal/services/product.go:102.49,106.5 3 1
github.com/VadimBoganov/testtask/internal/services/product.go:107.9,115.4 3 1
github.com/VadimBoganov/testtask/internal/services/product.go:120.32,122.3 1 1
github.com/VadimBoganov/testtask/internal/services/service.go:18.54,22.2 1 1
